<?xml version="1.0" encoding="UTF-8"?>
<testsuite name="lambdaTest" tests="1" skipped="0" failures="0" errors="0" timestamp="2023-12-28T09:34:46" hostname="gimgeon-ui-MacBookAir.local" time="0.028">
  <properties/>
  <testcase name="comparatorLambda()" classname="lambdaTest" time="0.028"/>
  <system-out><![CDATA[]]></system-out>
  <system-err><![CDATA[]]></system-err>
</testsuite>
